{"timestamp":"2026-05-05T05:49:09-03:00","event":"init","data":null}
{"timestamp":"2026-05-05T05:49:09-03:00","event":"update","data":{"direction":"DirUp","over":false,"paused":false,"score":0,"snake_head":{"X":22,"Y":10}}}
{"timestamp":"2026-05-05T05:49:09-03:00","event":"render","data":{"source":"update"}}
{"timestamp":"2026-05-05T05:49:09-03:00","event":"update","data":{"direction":"DirUp","over":false,"paused":false,"score":0,"snake_head":{"X":23,"Y":10}}}
{"timestamp":"2026-05-05T05:49:09-03:00","event":"render","data":{"source":"update"}}
{"timestamp":"2026-05-05T05:49:09-03:00","event":"update","data":{"direction":"DirUp","over":false,"paused":false,"score":0,"snake_head":{"X":24,"Y":10}}}
{"timestamp":"2026-05-05T05:49:09-03:00","event":"render","data":{"source":"update"}}
{"timestamp":"2026-05-05T05:49:09-03:00","event":"update","data":{"direction":"DirUp","over":false,"paused":false,"score":0,"snake_head":{"X":25,"Y":10}}}
{"timestamp":"2026-05-05T05:49:09-03:00","event":"render","data":{"source":"update"}}
{"timestamp":"2026-05-05T05:49:09-03:00","event":"update","data":{"direction":"DirUp","over":false,"paused":false,"score":0,"snake_head":{"X":26,"Y":10}}}
{"timestamp":"2026-05-05T05:49:09-03:00","event":"render","data":{"source":"update"}}
{"timestamp":"2026-05-05T05:49:09-03:00","event":"update","data":{"direction":"DirUp","over":false,"paused":false,"score":0,"snake_head":{"X":27,"Y":10}}}
{"timestamp":"2026-05-05T05:49:09-03:00","event":"render","data":{"source":"update"}}
{"timestamp":"2026-05-05T05:49:09-03:00","event":"update","data":{"direction":"DirUp","over":false,"paused":false,"score":0,"snake_head":{"X":28,"Y":10}}}
{"timestamp":"2026-05-05T05:49:09-03:00","event":"render","data":{"source":"update"}}
{"timestamp":"2026-05-05T05:49:09-03:00","event":"update","data":{"direction":"DirUp","over":false,"paused":false,"score":0,"snake_head":{"X":29,"Y":10}}}
{"timestamp":"2026-05-05T05:49:09-03:00","event":"render","data":{"source":"update"}}
{"timestamp":"2026-05-05T05:49:09-03:00","event":"update","data":{"direction":"DirUp","over":false,"paused":false,"score":0,"snake_head":{"X":30,"Y":10}}}
{"timestamp":"2026-05-05T05:49:09-03:00","event":"render","data":{"source":"update"}}
{"timestamp":"2026-05-05T05:49:09-03:00","event":"update","data":{"direction":"DirUp","over":false,"paused":false,"score":0,"snake_head":{"X":31,"Y":10}}}
{"timestamp":"2026-05-05T05:49:09-03:00","event":"render","data":{"source":"update"}}
{"timestamp":"2026-05-05T05:49:09-03:00","event":"update","data":{"direction":"DirUp","over":false,"paused":false,"score":0,"snake_head":{"X":32,"Y":10}}}
{"timestamp":"2026-05-05T05:49:09-03:00","event":"render","data":{"source":"update"}}
{"timestamp":"2026-05-05T05:49:09-03:00","event":"update","data":{"direction":"DirUp","over":false,"paused":false,"score":0,"snake_head":{"X":33,"Y":10}}}
{"timestamp":"2026-05-05T05:49:09-03:00","event":"render","data":{"source":"update"}}
{"timestamp":"2026-05-05T05:49:09-03:00","event":"update","data":{"direction":"DirUp","over":false,"paused":false,"score":0,"snake_head":{"X":34,"Y":10}}}
{"timestamp":"2026-05-05T05:49:09-03:00","event":"render","data":{"source":"update"}}
{"timestamp":"2026-05-05T05:49:09-03:00","event":"render","data":{"source":"ticker"}}
{"timestamp":"2026-05-05T05:49:09-03:00","event":"update","data":{"direction":"DirUp","over":false,"paused":false,"score":0,"snake_head":{"X":35,"Y":10}}}
{"timestamp":"2026-05-05T05:49:09-03:00","event":"render","data":{"source":"update"}}
{"timestamp":"2026-05-05T05:49:09-03:00","event":"update","data":{"direction":"DirUp","over":false,"paused":false,"score":0,"snake_head":{"X":36,"Y":10}}}
{"timestamp":"2026-05-05T05:49:09-03:00","event":"render","data":{"source":"update"}}
{"timestamp":"2026-05-05T05:49:09-03:00","event":"update","data":{"direction":"DirUp","over":false,"paused":false,"score":0,"snake_head":{"X":37,"Y":10}}}
{"timestamp":"2026-05-05T05:49:09-03:00","event":"render","data":{"source":"update"}}
{"timestamp":"2026-05-05T05:49:09-03:00","event":"update","data":{"direction":"DirUp","over":false,"paused":false,"score":0,"snake_head":{"X":38,"Y":10}}}
{"timestamp":"2026-05-05T05:49:09-03:00","event":"render","data":{"source":"update"}}
{"timestamp":"2026-05-05T05:49:09-03:00","event":"update","data":{"direction":"DirUp","over":false,"paused":false,"score":0,"snake_head":{"X":39,"Y":10}}}
{"timestamp":"2026-05-05T05:49:09-03:00","event":"render","data":{"source":"update"}}
{"timestamp":"2026-05-05T05:49:09-03:00","event":"update","data":{"direction":"DirUp","over":true,"paused":false,"score":0,"snake_head":{"X":40,"Y":10}}}
{"timestamp":"2026-05-05T05:49:09-03:00","event":"render","data":{"source":"update"}}
{"timestamp":"2026-05-05T05:49:09-03:00","event":"render","data":{"source":"gameover"}}
{"timestamp":"2026-05-05T05:49:15-03:00","event":"init","data":null}
{"timestamp":"2026-05-05T05:49:15-03:00","event":"update","data":{"direction":"DirUp","over":false,"paused":false,"score":0,"snake_head":{"X":22,"Y":10}}}
{"timestamp":"2026-05-05T05:49:15-03:00","event":"render","data":{"source":"update"}}
{"timestamp":"2026-05-05T05:49:15-03:00","event":"update","data":{"direction":"DirUp","over":false,"paused":false,"score":0,"snake_head":{"X":23,"Y":10}}}
{"timestamp":"2026-05-05T05:49:15-03:00","event":"render","data":{"source":"update"}}
{"timestamp":"2026-05-05T05:49:15-03:00","event":"update","data":{"direction":"DirUp","over":false,"paused":false,"score":0,"snake_head":{"X":24,"Y":10}}}
{"timestamp":"2026-05-05T05:49:15-03:00","event":"render","data":{"source":"update"}}
{"timestamp":"2026-05-05T05:49:15-03:00","event":"update","data":{"direction":"DirUp","over":false,"paused":false,"score":0,"snake_head":{"X":25,"Y":10}}}
{"timestamp":"2026-05-05T05:49:15-03:00","event":"render","data":{"source":"update"}}
{"timestamp":"2026-05-05T05:49:15-03:00","event":"update","data":{"direction":"DirUp","over":false,"paused":false,"score":0,"snake_head":{"X":26,"Y":10}}}
{"timestamp":"2026-05-05T05:49:15-03:00","event":"render","data":{"source":"update"}}
{"timestamp":"2026-05-05T05:49:15-03:00","event":"update","data":{"direction":"DirUp","over":false,"paused":false,"score":0,"snake_head":{"X":27,"Y":10}}}
{"timestamp":"2026-05-05T05:49:15-03:00","event":"render","data":{"source":"update"}}
{"timestamp":"2026-05-05T05:49:15-03:00","event":"update","data":{"direction":"DirUp","over":false,"paused":false,"score":0,"snake_head":{"X":28,"Y":10}}}
{"timestamp":"2026-05-05T05:49:15-03:00","event":"render","data":{"source":"update"}}
{"timestamp":"2026-05-05T05:49:15-03:00","event":"update","data":{"direction":"DirUp","over":false,"paused":false,"score":0,"snake_head":{"X":29,"Y":10}}}
{"timestamp":"2026-05-05T05:49:15-03:00","event":"render","data":{"source":"update"}}
{"timestamp":"2026-05-05T05:49:15-03:00","event":"update","data":{"direction":"DirUp","over":false,"paused":false,"score":0,"snake_head":{"X":30,"Y":10}}}
{"timestamp":"2026-05-05T05:49:15-03:00","event":"render","data":{"source":"update"}}
{"timestamp":"2026-05-05T05:49:15-03:00","event":"update","data":{"direction":"DirUp","over":false,"paused":false,"score":0,"snake_head":{"X":31,"Y":10}}}
{"timestamp":"2026-05-05T05:49:15-03:00","event":"render","data":{"source":"update"}}
{"timestamp":"2026-05-05T05:49:15-03:00","event":"update","data":{"direction":"DirUp","over":false,"paused":false,"score":0,"snake_head":{"X":32,"Y":10}}}
{"timestamp":"2026-05-05T05:49:15-03:00","event":"render","data":{"source":"update"}}
{"timestamp":"2026-05-05T05:49:15-03:00","event":"update","data":{"direction":"DirUp","over":false,"paused":false,"score":0,"snake_head":{"X":33,"Y":10}}}
{"timestamp":"2026-05-05T05:49:15-03:00","event":"render","data":{"source":"update"}}
{"timestamp":"2026-05-05T05:49:15-03:00","event":"update","data":{"direction":"DirUp","over":false,"paused":false,"score":0,"snake_head":{"X":34,"Y":10}}}
{"timestamp":"2026-05-05T05:49:15-03:00","event":"render","data":{"source":"update"}}
{"timestamp":"2026-05-05T05:49:15-03:00","event":"update","data":{"direction":"DirUp","over":false,"paused":false,"score":0,"snake_head":{"X":35,"Y":10}}}
{"timestamp":"2026-05-05T05:49:15-03:00","event":"render","data":{"source":"update"}}
{"timestamp":"2026-05-05T05:49:15-03:00","event":"render","data":{"source":"ticker"}}
{"timestamp":"2026-05-05T05:49:15-03:00","event":"update","data":{"direction":"DirUp","over":false,"paused":false,"score":0,"snake_head":{"X":36,"Y":10}}}
{"timestamp":"2026-05-05T05:49:15-03:00","event":"render","data":{"source":"update"}}
{"timestamp":"2026-05-05T05:49:15-03:00","event":"update","data":{"direction":"DirUp","over":false,"paused":false,"score":0,"snake_head":{"X":37,"Y":10}}}
{"timestamp":"2026-05-05T05:49:15-03:00","event":"render","data":{"source":"update"}}
{"timestamp":"2026-05-05T05:49:15-03:00","event":"update","data":{"direction":"DirUp","over":false,"paused":false,"score":0,"snake_head":{"X":38,"Y":10}}}
{"timestamp":"2026-05-05T05:49:15-03:00","event":"render","data":{"source":"update"}}
{"timestamp":"2026-05-05T05:49:15-03:00","event":"update","data":{"direction":"DirUp","over":false,"paused":false,"score":0,"snake_head":{"X":39,"Y":10}}}
{"timestamp":"2026-05-05T05:49:15-03:00","event":"render","data":{"source":"update"}}
{"timestamp":"2026-05-05T05:49:15-03:00","event":"update","data":{"direction":"DirUp","over":true,"paused":false,"score":0,"snake_head":{"X":40,"Y":10}}}
{"timestamp":"2026-05-05T05:49:15-03:00","event":"render","data":{"source":"update"}}
{"timestamp":"2026-05-05T05:49:15-03:00","event":"render","data":{"source":"gameover"}}
{"timestamp":"2026-05-05T05:49:20-03:00","event":"init","data":null}
{"timestamp":"2026-05-05T05:49:20-03:00","event":"update","data":{"direction":"DirUp","over":false,"paused":false,"score":0,"snake_head":{"X":22,"Y":10}}}
{"timestamp":"2026-05-05T05:49:20-03:00","event":"render","data":{"source":"update"}}
{"timestamp":"2026-05-05T05:49:20-03:00","event":"update","data":{"direction":"DirUp","over":false,"paused":false,"score":0,"snake_head":{"X":23,"Y":10}}}
{"timestamp":"2026-05-05T05:49:20-03:00","event":"render","data":{"source":"update"}}
{"timestamp":"2026-05-05T05:49:20-03:00","event":"update","data":{"direction":"DirUp","over":false,"paused":false,"score":0,"snake_head":{"X":24,"Y":10}}}
{"timestamp":"2026-05-05T05:49:20-03:00","event":"render","data":{"source":"update"}}
{"timestamp":"2026-05-05T05:49:20-03:00","event":"update","data":{"direction":"DirUp","over":false,"paused":false,"score":0,"snake_head":{"X":25,"Y":10}}}
{"timestamp":"2026-05-05T05:49:20-03:00","event":"render","data":{"source":"update"}}
{"timestamp":"2026-05-05T05:49:20-03:00","event":"update","data":{"direction":"DirUp","over":false,"paused":false,"score":0,"snake_head":{"X":26,"Y":10}}}
{"timestamp":"2026-05-05T05:49:20-03:00","event":"render","data":{"source":"update"}}
{"timestamp":"2026-05-05T05:49:20-03:00","event":"update","data":{"direction":"DirUp","over":false,"paused":false,"score":0,"snake_head":{"X":27,"Y":10}}}
{"timestamp":"2026-05-05T05:49:20-03:00","event":"render","data":{"source":"update"}}
{"timestamp":"2026-05-05T05:49:20-03:00","event":"update","data":{"direction":"DirUp","over":false,"paused":false,"score":0,"snake_head":{"X":28,"Y":10}}}
{"timestamp":"2026-05-05T05:49:20-03:00","event":"render","data":{"source":"update"}}
{"timestamp":"2026-05-05T05:49:20-03:00","event":"update","data":{"direction":"DirUp","over":false,"paused":false,"score":0,"snake_head":{"X":29,"Y":10}}}
{"timestamp":"2026-05-05T05:49:20-03:00","event":"render","data":{"source":"update"}}
{"timestamp":"2026-05-05T05:49:20-03:00","event":"update","data":{"direction":"DirUp","over":false,"paused":false,"score":0,"snake_head":{"X":30,"Y":10}}}
{"timestamp":"2026-05-05T05:49:20-03:00","event":"render","data":{"source":"update"}}
{"timestamp":"2026-05-05T05:49:20-03:00","event":"update","data":{"direction":"DirUp","over":false,"paused":false,"score":0,"snake_head":{"X":31,"Y":10}}}
{"timestamp":"2026-05-05T05:49:20-03:00","event":"render","data":{"source":"update"}}
{"timestamp":"2026-05-05T05:49:20-03:00","event":"update","data":{"direction":"DirUp","over":false,"paused":false,"score":0,"snake_head":{"X":32,"Y":10}}}
{"timestamp":"2026-05-05T05:49:20-03:00","event":"render","data":{"source":"update"}}
{"timestamp":"2026-05-05T05:49:20-03:00","event":"update","data":{"direction":"DirUp","over":false,"paused":false,"score":0,"snake_head":{"X":33,"Y":10}}}
{"timestamp":"2026-05-05T05:49:20-03:00","event":"render","data":{"source":"update"}}
{"timestamp":"2026-05-05T05:49:20-03:00","event":"update","data":{"direction":"DirUp","over":false,"paused":false,"score":0,"snake_head":{"X":34,"Y":10}}}
{"timestamp":"2026-05-05T05:49:20-03:00","event":"render","data":{"source":"update"}}
{"timestamp":"2026-05-05T05:49:20-03:00","event":"render","data":{"source":"ticker"}}
{"timestamp":"2026-05-05T05:49:20-03:00","event":"update","data":{"direction":"DirUp","over":false,"paused":false,"score":0,"snake_head":{"X":35,"Y":10}}}
{"timestamp":"2026-05-05T05:49:20-03:00","event":"render","data":{"source":"update"}}
{"timestamp":"2026-05-05T05:49:20-03:00","event":"update","data":{"direction":"DirUp","over":false,"paused":false,"score":0,"snake_head":{"X":36,"Y":10}}}
{"timestamp":"2026-05-05T05:49:20-03:00","event":"render","data":{"source":"update"}}
{"timestamp":"2026-05-05T05:49:20-03:00","event":"update","data":{"direction":"DirUp","over":false,"paused":false,"score":0,"snake_head":{"X":37,"Y":10}}}
{"timestamp":"2026-05-05T05:49:20-03:00","event":"render","data":{"source":"update"}}
{"timestamp":"2026-05-05T05:49:20-03:00","event":"update","data":{"direction":"DirUp","over":false,"paused":false,"score":0,"snake_head":{"X":38,"Y":10}}}
{"timestamp":"2026-05-05T05:49:20-03:00","event":"render","data":{"source":"update"}}
{"timestamp":"2026-05-05T05:49:20-03:00","event":"update","data":{"direction":"DirUp","over":false,"paused":false,"score":0,"snake_head":{"X":39,"Y":10}}}
{"timestamp":"2026-05-05T05:49:20-03:00","event":"render","data":{"source":"update"}}
{"timestamp":"2026-05-05T05:49:20-03:00","event":"update","data":{"direction":"DirUp","over":true,"paused":false,"score":0,"snake_head":{"X":40,"Y":10}}}
{"timestamp":"2026-05-05T05:49:20-03:00","event":"render","data":{"source":"update"}}
{"timestamp":"2026-05-05T05:49:20-03:00","event":"render","data":{"source":"gameover"}}
{"timestamp":"2026-05-05T05:49:25-03:00","event":"init","data":null}
{"timestamp":"2026-05-05T05:49:25-03:00","event":"update","data":{"direction":"DirUp","over":false,"paused":false,"score":0,"snake_head":{"X":22,"Y":10}}}
{"timestamp":"2026-05-05T05:49:25-03:00","event":"render","data":{"source":"update"}}
{"timestamp":"2026-05-05T05:49:25-03:00","event":"update","data":{"direction":"DirUp","over":false,"paused":false,"score":0,"snake_head":{"X":23,"Y":10}}}
{"timestamp":"2026-05-05T05:49:25-03:00","event":"render","data":{"source":"update"}}
{"timestamp":"2026-05-05T05:49:25-03:00","event":"update","data":{"direction":"DirUp","over":false,"paused":false,"score":0,"snake_head":{"X":24,"Y":10}}}
{"timestamp":"2026-05-05T05:49:25-03:00","event":"render","data":{"source":"update"}}
{"timestamp":"2026-05-05T05:49:25-03:00","event":"update","data":{"direction":"DirUp","over":false,"paused":false,"score":0,"snake_head":{"X":25,"Y":10}}}
{"timestamp":"2026-05-05T05:49:25-03:00","event":"render","data":{"source":"update"}}
{"timestamp":"2026-05-05T05:49:25-03:00","event":"update","data":{"direction":"DirUp","over":false,"paused":false,"score":0,"snake_head":{"X":26,"Y":10}}}
{"timestamp":"2026-05-05T05:49:25-03:00","event":"render","data":{"source":"update"}}
{"timestamp":"2026-05-05T05:49:25-03:00","event":"update","data":{"direction":"DirUp","over":false,"paused":false,"score":0,"snake_head":{"X":27,"Y":10}}}
{"timestamp":"2026-05-05T05:49:25-03:00","event":"render","data":{"source":"update"}}
{"timestamp":"2026-05-05T05:49:25-03:00","event":"update","data":{"direction":"DirUp","over":false,"paused":false,"score":0,"snake_head":{"X":28,"Y":10}}}
{"timestamp":"2026-05-05T05:49:25-03:00","event":"render","data":{"source":"update"}}
{"timestamp":"2026-05-05T05:49:25-03:00","event":"update","data":{"direction":"DirUp","over":false,"paused":false,"score":0,"snake_head":{"X":29,"Y":10}}}
{"timestamp":"2026-05-05T05:49:25-03:00","event":"render","data":{"source":"update"}}
{"timestamp":"2026-05-05T05:49:25-03:00","event":"update","data":{"direction":"DirUp","over":false,"paused":false,"score":0,"snake_head":{"X":30,"Y":10}}}
{"timestamp":"2026-05-05T05:49:25-03:00","event":"render","data":{"source":"update"}}
{"timestamp":"2026-05-05T05:49:25-03:00","event":"update","data":{"direction":"DirUp","over":false,"paused":false,"score":0,"snake_head":{"X":31,"Y":10}}}
{"timestamp":"2026-05-05T05:49:25-03:00","event":"render","data":{"source":"update"}}
{"timestamp":"2026-05-05T05:49:25-03:00","event":"update","data":{"direction":"DirUp","over":false,"paused":false,"score":0,"snake_head":{"X":32,"Y":10}}}
{"timestamp":"2026-05-05T05:49:25-03:00","event":"render","data":{"source":"update"}}
{"timestamp":"2026-05-05T05:49:25-03:00","event":"update","data":{"direction":"DirUp","over":false,"paused":false,"score":0,"snake_head":{"X":33,"Y":10}}}
{"timestamp":"2026-05-05T05:49:25-03:00","event":"render","data":{"source":"update"}}
{"timestamp":"2026-05-05T05:49:25-03:00","event":"update","data":{"direction":"DirUp","over":false,"paused":false,"score":0,"snake_head":{"X":34,"Y":10}}}
{"timestamp":"2026-05-05T05:49:25-03:00","event":"render","data":{"source":"update"}}
{"timestamp":"2026-05-05T05:49:25-03:00","event":"render","data":{"source":"ticker"}}
{"timestamp":"2026-05-05T05:49:25-03:00","event":"update","data":{"direction":"DirUp","over":false,"paused":false,"score":0,"snake_head":{"X":35,"Y":10}}}
{"timestamp":"2026-05-05T05:49:25-03:00","event":"render","data":{"source":"update"}}
{"timestamp":"2026-05-05T05:49:25-03:00","event":"update","data":{"direction":"DirUp","over":false,"paused":false,"score":0,"snake_head":{"X":36,"Y":10}}}
{"timestamp":"2026-05-05T05:49:25-03:00","event":"render","data":{"source":"update"}}
{"timestamp":"2026-05-05T05:49:25-03:00","event":"update","data":{"direction":"DirUp","over":false,"paused":false,"score":0,"snake_head":{"X":37,"Y":10}}}
{"timestamp":"2026-05-05T05:49:25-03:00","event":"render","data":{"source":"update"}}
{"timestamp":"2026-05-05T05:49:25-03:00","event":"update","data":{"direction":"DirUp","over":false,"paused":false,"score":0,"snake_head":{"X":38,"Y":10}}}
{"timestamp":"2026-05-05T05:49:25-03:00","event":"render","data":{"source":"update"}}
{"timestamp":"2026-05-05T05:49:25-03:00","event":"update","data":{"direction":"DirUp","over":false,"paused":false,"score":0,"snake_head":{"X":39,"Y":10}}}
{"timestamp":"2026-05-05T05:49:25-03:00","event":"render","data":{"source":"update"}}
{"timestamp":"2026-05-05T05:49:25-03:00","event":"update","data":{"direction":"DirUp","over":true,"paused":false,"score":0,"snake_head":{"X":40,"Y":10}}}
{"timestamp":"2026-05-05T05:49:25-03:00","event":"render","data":{"source":"update"}}
{"timestamp":"2026-05-05T05:49:25-03:00","event":"render","data":{"source":"gameover"}}
